INFO [2017-05-24 12:32:33] [[1]]
INFO [2017-05-24 12:32:33] list(A = which(res.selected[, 1] != 0), B = which(res.selected[, 
INFO [2017-05-24 12:32:33]     2] != 0), C = which(res.selected[, 3] != 0))
INFO [2017-05-24 12:32:33] 
INFO [2017-05-24 12:32:33] $category.names
INFO [2017-05-24 12:32:33] colnames(res.selected)[1:3]
INFO [2017-05-24 12:32:33] 
INFO [2017-05-24 12:32:33] $fill
INFO [2017-05-24 12:32:33] c(vennColors[1], vennColors[2], vennColors[3])
INFO [2017-05-24 12:32:33] 
INFO [2017-05-24 12:32:33] $alpha
INFO [2017-05-24 12:32:33] [1] 0.3
INFO [2017-05-24 12:32:33] 
INFO [2017-05-24 12:32:33] $resolution
INFO [2017-05-24 12:32:33] [1] 600
INFO [2017-05-24 12:32:33] 
INFO [2017-05-24 12:32:33] $cat.cex
INFO [2017-05-24 12:32:33] my.cex
INFO [2017-05-24 12:32:33] 
INFO [2017-05-24 12:32:33] $main
INFO [2017-05-24 12:32:33] paste(comparisonName, titleText, sep = " ")
INFO [2017-05-24 12:32:33] 
INFO [2017-05-24 12:32:33] $filename
INFO [2017-05-24 12:32:33] NULL
INFO [2017-05-24 12:32:33] 
