INFO [2017-05-26 13:20:23] [[1]]
INFO [2017-05-26 13:20:23] list(A = which(res.selected[, 1] != 0), B = which(res.selected[, 
INFO [2017-05-26 13:20:23]     2] != 0), C = which(res.selected[, 3] != 0))
INFO [2017-05-26 13:20:23] 
INFO [2017-05-26 13:20:23] $category.names
INFO [2017-05-26 13:20:23] colnames(res.selected)[1:3]
INFO [2017-05-26 13:20:23] 
INFO [2017-05-26 13:20:23] $fill
INFO [2017-05-26 13:20:23] c(vennColors[1], vennColors[2], vennColors[3])
INFO [2017-05-26 13:20:23] 
INFO [2017-05-26 13:20:23] $alpha
INFO [2017-05-26 13:20:23] [1] 0.3
INFO [2017-05-26 13:20:23] 
INFO [2017-05-26 13:20:23] $resolution
INFO [2017-05-26 13:20:23] [1] 600
INFO [2017-05-26 13:20:23] 
INFO [2017-05-26 13:20:23] $cat.cex
INFO [2017-05-26 13:20:23] my.cex
INFO [2017-05-26 13:20:23] 
INFO [2017-05-26 13:20:23] $main
INFO [2017-05-26 13:20:23] paste(comparisonName, titleText, sep = " ")
INFO [2017-05-26 13:20:23] 
INFO [2017-05-26 13:20:23] $filename
INFO [2017-05-26 13:20:23] NULL
INFO [2017-05-26 13:20:23] 
