INFO [2017-05-22 10:48:13] [[1]]
INFO [2017-05-22 10:48:13] list(A = which(res.selected[, 1] != 0), B = which(res.selected[, 
INFO [2017-05-22 10:48:13]     2] != 0), C = which(res.selected[, 3] != 0))
INFO [2017-05-22 10:48:13] 
INFO [2017-05-22 10:48:13] $category.names
INFO [2017-05-22 10:48:13] colnames(res.selected)[1:3]
INFO [2017-05-22 10:48:13] 
INFO [2017-05-22 10:48:13] $fill
INFO [2017-05-22 10:48:13] c(vennColors[1], vennColors[2], vennColors[3])
INFO [2017-05-22 10:48:13] 
INFO [2017-05-22 10:48:13] $alpha
INFO [2017-05-22 10:48:13] [1] 0.3
INFO [2017-05-22 10:48:13] 
INFO [2017-05-22 10:48:13] $resolution
INFO [2017-05-22 10:48:13] [1] 600
INFO [2017-05-22 10:48:13] 
INFO [2017-05-22 10:48:13] $cat.cex
INFO [2017-05-22 10:48:13] my.cex
INFO [2017-05-22 10:48:13] 
INFO [2017-05-22 10:48:13] $main
INFO [2017-05-22 10:48:13] paste(comparisonName, titleText, sep = " ")
INFO [2017-05-22 10:48:13] 
INFO [2017-05-22 10:48:13] $filename
INFO [2017-05-22 10:48:13] NULL
INFO [2017-05-22 10:48:13] 
