INFO [2017-05-26 17:32:30] [[1]]
INFO [2017-05-26 17:32:30] list(A = which(res.selected[, 1] != 0), B = which(res.selected[, 
INFO [2017-05-26 17:32:30]     2] != 0), C = which(res.selected[, 3] != 0))
INFO [2017-05-26 17:32:30] 
INFO [2017-05-26 17:32:30] $category.names
INFO [2017-05-26 17:32:30] colnames(res.selected)[1:3]
INFO [2017-05-26 17:32:30] 
INFO [2017-05-26 17:32:30] $fill
INFO [2017-05-26 17:32:30] c(vennColors[1], vennColors[2], vennColors[3])
INFO [2017-05-26 17:32:30] 
INFO [2017-05-26 17:32:30] $alpha
INFO [2017-05-26 17:32:30] [1] 0.3
INFO [2017-05-26 17:32:30] 
INFO [2017-05-26 17:32:30] $resolution
INFO [2017-05-26 17:32:30] [1] 600
INFO [2017-05-26 17:32:30] 
INFO [2017-05-26 17:32:30] $cat.cex
INFO [2017-05-26 17:32:30] my.cex
INFO [2017-05-26 17:32:30] 
INFO [2017-05-26 17:32:30] $main
INFO [2017-05-26 17:32:30] paste(comparisonName, titleText, sep = " ")
INFO [2017-05-26 17:32:30] 
INFO [2017-05-26 17:32:30] $filename
INFO [2017-05-26 17:32:30] NULL
INFO [2017-05-26 17:32:30] 
