INFO [2017-05-16 14:37:43] [[1]]
INFO [2017-05-16 14:37:43] list(A = which(res.selected[, 1] != 0), B = which(res.selected[, 
INFO [2017-05-16 14:37:43]     2] != 0), C = which(res.selected[, 3] != 0))
INFO [2017-05-16 14:37:43] 
INFO [2017-05-16 14:37:43] $category.names
INFO [2017-05-16 14:37:43] colnames(res.selected)[1:3]
INFO [2017-05-16 14:37:43] 
INFO [2017-05-16 14:37:43] $fill
INFO [2017-05-16 14:37:43] c(vennColors[1], vennColors[2], vennColors[3])
INFO [2017-05-16 14:37:43] 
INFO [2017-05-16 14:37:43] $alpha
INFO [2017-05-16 14:37:43] [1] 0.3
INFO [2017-05-16 14:37:43] 
INFO [2017-05-16 14:37:43] $resolution
INFO [2017-05-16 14:37:43] [1] 600
INFO [2017-05-16 14:37:43] 
INFO [2017-05-16 14:37:43] $cat.cex
INFO [2017-05-16 14:37:43] my.cex
INFO [2017-05-16 14:37:43] 
INFO [2017-05-16 14:37:43] $main
INFO [2017-05-16 14:37:43] paste(comparisonName, titleText, sep = " ")
INFO [2017-05-16 14:37:43] 
INFO [2017-05-16 14:37:43] $filename
INFO [2017-05-16 14:37:43] NULL
INFO [2017-05-16 14:37:43] 
