INFO [2017-05-18 11:38:40] [[1]]
INFO [2017-05-18 11:38:40] list(A = which(res.selected[, 1] != 0), B = which(res.selected[, 
INFO [2017-05-18 11:38:40]     2] != 0), C = which(res.selected[, 3] != 0))
INFO [2017-05-18 11:38:40] 
INFO [2017-05-18 11:38:40] $category.names
INFO [2017-05-18 11:38:40] colnames(res.selected)[1:3]
INFO [2017-05-18 11:38:40] 
INFO [2017-05-18 11:38:40] $fill
INFO [2017-05-18 11:38:40] c(vennColors[1], vennColors[2], vennColors[3])
INFO [2017-05-18 11:38:40] 
INFO [2017-05-18 11:38:40] $alpha
INFO [2017-05-18 11:38:40] [1] 0.3
INFO [2017-05-18 11:38:40] 
INFO [2017-05-18 11:38:40] $resolution
INFO [2017-05-18 11:38:40] [1] 600
INFO [2017-05-18 11:38:40] 
INFO [2017-05-18 11:38:40] $cat.cex
INFO [2017-05-18 11:38:40] my.cex
INFO [2017-05-18 11:38:40] 
INFO [2017-05-18 11:38:40] $main
INFO [2017-05-18 11:38:40] paste(comparisonName, titleText, sep = " ")
INFO [2017-05-18 11:38:40] 
INFO [2017-05-18 11:38:40] $filename
INFO [2017-05-18 11:38:40] NULL
INFO [2017-05-18 11:38:40] 
