INFO [2017-05-18 12:03:36] [[1]]
INFO [2017-05-18 12:03:36] list(A = which(res.selected[, 1] != 0), B = which(res.selected[, 
INFO [2017-05-18 12:03:36]     2] != 0), C = which(res.selected[, 3] != 0))
INFO [2017-05-18 12:03:36] 
INFO [2017-05-18 12:03:36] $category.names
INFO [2017-05-18 12:03:36] colnames(res.selected)[1:3]
INFO [2017-05-18 12:03:36] 
INFO [2017-05-18 12:03:36] $fill
INFO [2017-05-18 12:03:36] c(vennColors[1], vennColors[2], vennColors[3])
INFO [2017-05-18 12:03:36] 
INFO [2017-05-18 12:03:36] $alpha
INFO [2017-05-18 12:03:36] [1] 0.3
INFO [2017-05-18 12:03:36] 
INFO [2017-05-18 12:03:36] $resolution
INFO [2017-05-18 12:03:36] [1] 600
INFO [2017-05-18 12:03:36] 
INFO [2017-05-18 12:03:36] $cat.cex
INFO [2017-05-18 12:03:36] my.cex
INFO [2017-05-18 12:03:36] 
INFO [2017-05-18 12:03:36] $main
INFO [2017-05-18 12:03:36] paste(comparisonName, titleText, sep = " ")
INFO [2017-05-18 12:03:36] 
INFO [2017-05-18 12:03:36] $filename
INFO [2017-05-18 12:03:36] NULL
INFO [2017-05-18 12:03:36] 
