INFO [2017-05-16 13:55:51] [[1]]
INFO [2017-05-16 13:55:51] list(A = which(res.selected[, 1] != 0), B = which(res.selected[, 
INFO [2017-05-16 13:55:51]     2] != 0), C = which(res.selected[, 3] != 0))
INFO [2017-05-16 13:55:51] 
INFO [2017-05-16 13:55:51] $category.names
INFO [2017-05-16 13:55:51] colnames(res.selected)[1:3]
INFO [2017-05-16 13:55:51] 
INFO [2017-05-16 13:55:51] $fill
INFO [2017-05-16 13:55:51] c(vennColors[1], vennColors[2], vennColors[3])
INFO [2017-05-16 13:55:51] 
INFO [2017-05-16 13:55:51] $alpha
INFO [2017-05-16 13:55:51] [1] 0.3
INFO [2017-05-16 13:55:51] 
INFO [2017-05-16 13:55:51] $resolution
INFO [2017-05-16 13:55:51] [1] 600
INFO [2017-05-16 13:55:51] 
INFO [2017-05-16 13:55:51] $cat.cex
INFO [2017-05-16 13:55:51] my.cex
INFO [2017-05-16 13:55:51] 
INFO [2017-05-16 13:55:51] $main
INFO [2017-05-16 13:55:51] paste(comparisonName, titleText, sep = " ")
INFO [2017-05-16 13:55:51] 
INFO [2017-05-16 13:55:51] $filename
INFO [2017-05-16 13:55:51] NULL
INFO [2017-05-16 13:55:51] 
