INFO [2017-05-19 10:15:05] [[1]]
INFO [2017-05-19 10:15:05] list(A = which(res.selected[, 1] != 0), B = which(res.selected[, 
INFO [2017-05-19 10:15:05]     2] != 0), C = which(res.selected[, 3] != 0))
INFO [2017-05-19 10:15:05] 
INFO [2017-05-19 10:15:05] $category.names
INFO [2017-05-19 10:15:05] colnames(res.selected)[1:3]
INFO [2017-05-19 10:15:05] 
INFO [2017-05-19 10:15:05] $fill
INFO [2017-05-19 10:15:05] c(vennColors[1], vennColors[2], vennColors[3])
INFO [2017-05-19 10:15:05] 
INFO [2017-05-19 10:15:05] $alpha
INFO [2017-05-19 10:15:05] [1] 0.3
INFO [2017-05-19 10:15:05] 
INFO [2017-05-19 10:15:05] $resolution
INFO [2017-05-19 10:15:05] [1] 600
INFO [2017-05-19 10:15:05] 
INFO [2017-05-19 10:15:05] $cat.cex
INFO [2017-05-19 10:15:05] my.cex
INFO [2017-05-19 10:15:05] 
INFO [2017-05-19 10:15:05] $main
INFO [2017-05-19 10:15:05] paste(comparisonName, titleText, sep = " ")
INFO [2017-05-19 10:15:05] 
INFO [2017-05-19 10:15:05] $filename
INFO [2017-05-19 10:15:05] NULL
INFO [2017-05-19 10:15:05] 
