INFO [2017-05-29 14:49:38] [[1]]
INFO [2017-05-29 14:49:38] list(A = which(res.selected[, 1] != 0), B = which(res.selected[, 
INFO [2017-05-29 14:49:38]     2] != 0), C = which(res.selected[, 3] != 0))
INFO [2017-05-29 14:49:38] 
INFO [2017-05-29 14:49:38] $category.names
INFO [2017-05-29 14:49:38] colnames(res.selected)[1:3]
INFO [2017-05-29 14:49:38] 
INFO [2017-05-29 14:49:38] $fill
INFO [2017-05-29 14:49:38] c(vennColors[1], vennColors[2], vennColors[3])
INFO [2017-05-29 14:49:38] 
INFO [2017-05-29 14:49:38] $alpha
INFO [2017-05-29 14:49:38] [1] 0.3
INFO [2017-05-29 14:49:38] 
INFO [2017-05-29 14:49:38] $resolution
INFO [2017-05-29 14:49:38] [1] 600
INFO [2017-05-29 14:49:38] 
INFO [2017-05-29 14:49:38] $cat.cex
INFO [2017-05-29 14:49:38] my.cex
INFO [2017-05-29 14:49:38] 
INFO [2017-05-29 14:49:38] $main
INFO [2017-05-29 14:49:38] paste(comparisonName, titleText, sep = " ")
INFO [2017-05-29 14:49:38] 
INFO [2017-05-29 14:49:38] $filename
INFO [2017-05-29 14:49:38] NULL
INFO [2017-05-29 14:49:38] 
