INFO [2017-05-23 13:42:47] [[1]]
INFO [2017-05-23 13:42:47] list(A = which(res.selected[, 1] != 0), B = which(res.selected[, 
INFO [2017-05-23 13:42:47]     2] != 0), C = which(res.selected[, 3] != 0))
INFO [2017-05-23 13:42:47] 
INFO [2017-05-23 13:42:47] $category.names
INFO [2017-05-23 13:42:47] colnames(res.selected)[1:3]
INFO [2017-05-23 13:42:47] 
INFO [2017-05-23 13:42:47] $fill
INFO [2017-05-23 13:42:47] c(vennColors[1], vennColors[2], vennColors[3])
INFO [2017-05-23 13:42:47] 
INFO [2017-05-23 13:42:47] $alpha
INFO [2017-05-23 13:42:47] [1] 0.3
INFO [2017-05-23 13:42:47] 
INFO [2017-05-23 13:42:47] $resolution
INFO [2017-05-23 13:42:47] [1] 600
INFO [2017-05-23 13:42:47] 
INFO [2017-05-23 13:42:47] $cat.cex
INFO [2017-05-23 13:42:47] my.cex
INFO [2017-05-23 13:42:47] 
INFO [2017-05-23 13:42:47] $main
INFO [2017-05-23 13:42:47] paste(comparisonName, titleText, sep = " ")
INFO [2017-05-23 13:42:47] 
INFO [2017-05-23 13:42:47] $filename
INFO [2017-05-23 13:42:47] NULL
INFO [2017-05-23 13:42:47] 
