INFO [2017-05-18 12:35:56] [[1]]
INFO [2017-05-18 12:35:56] list(A = which(res.selected[, 1] != 0), B = which(res.selected[, 
INFO [2017-05-18 12:35:56]     2] != 0), C = which(res.selected[, 3] != 0))
INFO [2017-05-18 12:35:56] 
INFO [2017-05-18 12:35:56] $category.names
INFO [2017-05-18 12:35:56] colnames(res.selected)[1:3]
INFO [2017-05-18 12:35:56] 
INFO [2017-05-18 12:35:56] $fill
INFO [2017-05-18 12:35:56] c(vennColors[1], vennColors[2], vennColors[3])
INFO [2017-05-18 12:35:56] 
INFO [2017-05-18 12:35:56] $alpha
INFO [2017-05-18 12:35:56] [1] 0.3
INFO [2017-05-18 12:35:56] 
INFO [2017-05-18 12:35:56] $resolution
INFO [2017-05-18 12:35:56] [1] 600
INFO [2017-05-18 12:35:56] 
INFO [2017-05-18 12:35:56] $cat.cex
INFO [2017-05-18 12:35:56] my.cex
INFO [2017-05-18 12:35:56] 
INFO [2017-05-18 12:35:56] $main
INFO [2017-05-18 12:35:56] paste(comparisonName, titleText, sep = " ")
INFO [2017-05-18 12:35:56] 
INFO [2017-05-18 12:35:56] $filename
INFO [2017-05-18 12:35:56] NULL
INFO [2017-05-18 12:35:56] 
