INFO [2017-05-19 13:37:54] [[1]]
INFO [2017-05-19 13:37:54] list(A = which(res.selected[, 1] != 0), B = which(res.selected[, 
INFO [2017-05-19 13:37:54]     2] != 0), C = which(res.selected[, 3] != 0))
INFO [2017-05-19 13:37:54] 
INFO [2017-05-19 13:37:54] $category.names
INFO [2017-05-19 13:37:54] colnames(res.selected)[1:3]
INFO [2017-05-19 13:37:54] 
INFO [2017-05-19 13:37:54] $fill
INFO [2017-05-19 13:37:54] c(vennColors[1], vennColors[2], vennColors[3])
INFO [2017-05-19 13:37:54] 
INFO [2017-05-19 13:37:54] $alpha
INFO [2017-05-19 13:37:54] [1] 0.3
INFO [2017-05-19 13:37:54] 
INFO [2017-05-19 13:37:54] $resolution
INFO [2017-05-19 13:37:54] [1] 600
INFO [2017-05-19 13:37:54] 
INFO [2017-05-19 13:37:54] $cat.cex
INFO [2017-05-19 13:37:54] my.cex
INFO [2017-05-19 13:37:54] 
INFO [2017-05-19 13:37:54] $main
INFO [2017-05-19 13:37:54] paste(comparisonName, titleText, sep = " ")
INFO [2017-05-19 13:37:54] 
INFO [2017-05-19 13:37:54] $filename
INFO [2017-05-19 13:37:54] NULL
INFO [2017-05-19 13:37:54] 
