INFO [2017-05-26 13:21:39] [[1]]
INFO [2017-05-26 13:21:39] list(A = which(res.selected[, 1] != 0), B = which(res.selected[, 
INFO [2017-05-26 13:21:39]     2] != 0), C = which(res.selected[, 3] != 0))
INFO [2017-05-26 13:21:39] 
INFO [2017-05-26 13:21:39] $category.names
INFO [2017-05-26 13:21:39] colnames(res.selected)[1:3]
INFO [2017-05-26 13:21:39] 
INFO [2017-05-26 13:21:39] $fill
INFO [2017-05-26 13:21:39] c(vennColors[1], vennColors[2], vennColors[3])
INFO [2017-05-26 13:21:39] 
INFO [2017-05-26 13:21:39] $alpha
INFO [2017-05-26 13:21:39] [1] 0.3
INFO [2017-05-26 13:21:39] 
INFO [2017-05-26 13:21:39] $resolution
INFO [2017-05-26 13:21:39] [1] 600
INFO [2017-05-26 13:21:39] 
INFO [2017-05-26 13:21:39] $cat.cex
INFO [2017-05-26 13:21:39] my.cex
INFO [2017-05-26 13:21:39] 
INFO [2017-05-26 13:21:39] $main
INFO [2017-05-26 13:21:39] paste(comparisonName, titleText, sep = " ")
INFO [2017-05-26 13:21:39] 
INFO [2017-05-26 13:21:39] $filename
INFO [2017-05-26 13:21:39] NULL
INFO [2017-05-26 13:21:39] 
